{"/Users/Adam/Desktop/Marconi/src/index.js":{"path":"/Users/Adam/Desktop/Marconi/src/index.js","s":{"1":1,"2":1,"3":1,"4":1,"5":1,"6":1,"7":1,"8":1,"9":2,"10":1,"11":1,"12":2,"13":2,"14":8,"15":2,"16":1},"b":{},"f":{"1":1},"fnMap":{"1":{"name":"decode","line":64,"loc":{"start":{"line":58,"column":7},"end":{"line":58,"column":34}}}},"statementMap":{"1":{"start":{"line":0,"column":0},"end":{"line":0,"column":0},"skip":true},"2":{"start":{"line":0,"column":0},"end":{"line":0,"column":0},"skip":true},"3":{"start":{"line":1,"column":-15},"end":{"line":1,"column":-15}},"4":{"start":{"line":58,"column":7},"end":{"line":82,"column":1}},"5":{"start":{"line":60,"column":4},"end":{"line":60,"column":4}},"6":{"start":{"line":63,"column":4},"end":{"line":63,"column":4}},"7":{"start":{"line":66,"column":4},"end":{"line":66,"column":4}},"8":{"start":{"line":67,"column":4},"end":{"line":69,"column":5}},"9":{"start":{"line":68,"column":8},"end":{"line":68,"column":8}},"10":{"start":{"line":72,"column":4},"end":{"line":72,"column":4}},"11":{"start":{"line":73,"column":4},"end":{"line":79,"column":5}},"12":{"start":{"line":74,"column":8},"end":{"line":74,"column":8}},"13":{"start":{"line":75,"column":8},"end":{"line":77,"column":9}},"14":{"start":{"line":76,"column":12},"end":{"line":76,"column":12}},"15":{"start":{"line":78,"column":8},"end":{"line":78,"column":8}},"16":{"start":{"line":81,"column":4},"end":{"line":81,"column":4}}},"branchMap":{}}}