{"/Users/Adam/Desktop/Marconi/src/index.js":{"path":"/Users/Adam/Desktop/Marconi/src/index.js","s":{"1":1,"2":1,"3":1,"4":1,"5":1,"6":3,"7":3,"8":3,"9":3,"10":4,"11":3,"12":3,"13":4,"14":4,"15":13,"16":4,"17":3,"18":1,"19":2,"20":2,"21":2,"22":2,"23":2,"24":4,"25":2,"26":2,"27":4,"28":4,"29":22,"30":4,"31":2,"32":1,"33":2,"34":2,"35":110,"36":110,"37":2},"b":{"1":[110,0]},"f":{"1":3,"2":2,"3":2},"fnMap":{"1":{"name":"decode","line":65,"loc":{"start":{"line":58,"column":7},"end":{"line":58,"column":34}}},"2":{"name":"encode","line":91,"loc":{"start":{"line":84,"column":7},"end":{"line":84,"column":31}}},"3":{"name":"switchValues","line":120,"loc":{"start":{"line":114,"column":0},"end":{"line":114,"column":25}}}},"statementMap":{"1":{"start":{"line":0,"column":0},"end":{"line":0,"column":0},"skip":true},"2":{"start":{"line":0,"column":0},"end":{"line":0,"column":0},"skip":true},"3":{"start":{"line":0,"column":0},"end":{"line":0,"column":0},"skip":true},"4":{"start":{"line":1,"column":-15},"end":{"line":1,"column":-15}},"5":{"start":{"line":58,"column":7},"end":{"line":82,"column":1}},"6":{"start":{"line":60,"column":4},"end":{"line":60,"column":4}},"7":{"start":{"line":63,"column":4},"end":{"line":63,"column":4}},"8":{"start":{"line":66,"column":4},"end":{"line":66,"column":4}},"9":{"start":{"line":67,"column":4},"end":{"line":69,"column":5}},"10":{"start":{"line":68,"column":8},"end":{"line":68,"column":8}},"11":{"start":{"line":72,"column":4},"end":{"line":72,"column":4}},"12":{"start":{"line":73,"column":4},"end":{"line":79,"column":5}},"13":{"start":{"line":74,"column":8},"end":{"line":74,"column":8}},"14":{"start":{"line":75,"column":8},"end":{"line":77,"column":9}},"15":{"start":{"line":76,"column":12},"end":{"line":76,"column":12}},"16":{"start":{"line":78,"column":8},"end":{"line":78,"column":8}},"17":{"start":{"line":81,"column":4},"end":{"line":81,"column":4}},"18":{"start":{"line":84,"column":7},"end":{"line":112,"column":1}},"19":{"start":{"line":85,"column":4},"end":{"line":85,"column":4}},"20":{"start":{"line":87,"column":4},"end":{"line":87,"column":4}},"21":{"start":{"line":90,"column":4},"end":{"line":90,"column":4}},"22":{"start":{"line":94,"column":4},"end":{"line":94,"column":4}},"23":{"start":{"line":95,"column":4},"end":{"line":97,"column":5}},"24":{"start":{"line":96,"column":8},"end":{"line":96,"column":8}},"25":{"start":{"line":100,"column":4},"end":{"line":100,"column":4}},"26":{"start":{"line":101,"column":4},"end":{"line":107,"column":5}},"27":{"start":{"line":102,"column":8},"end":{"line":102,"column":8}},"28":{"start":{"line":103,"column":8},"end":{"line":105,"column":9}},"29":{"start":{"line":104,"column":12},"end":{"line":104,"column":12}},"30":{"start":{"line":106,"column":8},"end":{"line":106,"column":8}},"31":{"start":{"line":110,"column":4},"end":{"line":110,"column":4}},"32":{"start":{"line":114,"column":0},"end":{"line":122,"column":1}},"33":{"start":{"line":115,"column":4},"end":{"line":115,"column":4}},"34":{"start":{"line":116,"column":4},"end":{"line":120,"column":5}},"35":{"start":{"line":117,"column":8},"end":{"line":119,"column":9}},"36":{"start":{"line":118,"column":12},"end":{"line":118,"column":12}},"37":{"start":{"line":121,"column":4},"end":{"line":121,"column":4}}},"branchMap":{"1":{"line":123,"type":"if","locations":[{"start":{"line":117,"column":8},"end":{"line":117,"column":8}},{"start":{"line":117,"column":8},"end":{"line":117,"column":8}}]}}}}