TN:
SF:/Users/Adam/Desktop/Marconi/src/index.js
FN:65,decode
FN:91,encode
FN:120,switchValues
FNF:3
FNH:3
FNDA:3,decode
FNDA:2,encode
FNDA:2,switchValues
DA:0,1
DA:1,1
DA:58,1
DA:60,3
DA:63,3
DA:66,3
DA:67,3
DA:68,4
DA:72,3
DA:73,3
DA:74,4
DA:75,4
DA:76,13
DA:78,4
DA:81,3
DA:84,1
DA:85,2
DA:87,2
DA:90,2
DA:94,2
DA:95,2
DA:96,4
DA:100,2
DA:101,2
DA:102,4
DA:103,4
DA:104,22
DA:106,4
DA:110,2
DA:114,1
DA:115,2
DA:116,2
DA:117,110
DA:118,110
DA:121,2
LF:35
LH:35
BRDA:123,1,0,110
BRDA:123,1,1,0
BRF:2
BRH:1
end_of_record
